# This is the CMakeCache file.
# For build in directory: /home/tim/Frickly/projects/mercedes/ardep-workspace/ardep/tests/lib/iso14229/build
# It was generated by CMake: /usr/bin/cmake
# You can edit this file to change values found and used by cmake.
# If you do not want to change any of the values, simply exit the editor.
# If you do want to change a value, simply edit, save, and exit the editor.
# The syntax for the file is as follows:
# KEY:TYPE=VALUE
# KEY is the name of a variable in the cache.
# TYPE is a hint to GUIs for the type of VALUE, DO NOT EDIT TYPE!.
# VALUE is the current value for the KEY.

########################
# EXTERNAL cache entries
########################

//Application Binary Directory
APPLICATION_BINARY_DIR:PATH=/home/tim/Frickly/projects/mercedes/ardep-workspace/ardep/tests/lib/iso14229/build

//Application Source Directory
APPLICATION_SOURCE_DIR:PATH=/home/tim/Frickly/projects/mercedes/ardep-workspace/ardep/tests/lib/iso14229

//Path to a program.
CCACHE_FOUND:FILEPATH=/usr/bin/ccache

//Value Computed by CMake.
CMAKE_FIND_PACKAGE_REDIRECTS_DIR:STATIC=/home/tim/Frickly/projects/mercedes/ardep-workspace/ardep/tests/lib/iso14229/build/CMakeFiles/pkgRedirects

//No help, variable specified on the command line.
WEST_PYTHON:UNINITIALIZED=/usr/bin/python3

//Zephyr base
ZEPHYR_BASE:PATH=/home/tim/Frickly/projects/mercedes/ardep-workspace/zephyr

//The directory containing a CMake configuration file for ZephyrAppConfiguration.
ZephyrAppConfiguration_DIR:PATH=ZephyrAppConfiguration_DIR-NOTFOUND

//The directory containing a CMake configuration file for ZephyrBuildConfiguration.
ZephyrBuildConfiguration_DIR:PATH=ZephyrBuildConfiguration_DIR-NOTFOUND

//The directory containing a CMake configuration file for Zephyr.
Zephyr_DIR:PATH=/home/tim/Frickly/projects/mercedes/ardep-workspace/zephyr/share/zephyr-package/cmake


########################
# INTERNAL cache entries
########################

//This is the directory where this CMakeCache.txt was created
CMAKE_CACHEFILE_DIR:INTERNAL=/home/tim/Frickly/projects/mercedes/ardep-workspace/ardep/tests/lib/iso14229/build
//Major version of cmake used to create the current loaded cache
CMAKE_CACHE_MAJOR_VERSION:INTERNAL=3
//Minor version of cmake used to create the current loaded cache
CMAKE_CACHE_MINOR_VERSION:INTERNAL=28
//Patch version of cmake used to create the current loaded cache
CMAKE_CACHE_PATCH_VERSION:INTERNAL=3
//Path to CMake executable.
CMAKE_COMMAND:INTERNAL=/usr/bin/cmake
//Path to cpack program executable.
CMAKE_CPACK_COMMAND:INTERNAL=/usr/bin/cpack
//Path to ctest program executable.
CMAKE_CTEST_COMMAND:INTERNAL=/usr/bin/ctest
//Name of external makefile project generator.
CMAKE_EXTRA_GENERATOR:INTERNAL=
//Name of generator.
CMAKE_GENERATOR:INTERNAL=Ninja
//Generator instance identifier.
CMAKE_GENERATOR_INSTANCE:INTERNAL=
//Name of generator platform.
CMAKE_GENERATOR_PLATFORM:INTERNAL=
//Name of generator toolset.
CMAKE_GENERATOR_TOOLSET:INTERNAL=
//Source directory with the top level CMakeLists.txt file for this
// project
CMAKE_HOME_DIRECTORY:INTERNAL=/home/tim/Frickly/projects/mercedes/ardep-workspace/ardep/tests/lib/iso14229
//number of local generators
CMAKE_NUMBER_OF_MAKEFILES:INTERNAL=1
//Path to CMake installation.
CMAKE_ROOT:INTERNAL=/usr/share/cmake-3.28
//Details about finding Python3
FIND_PACKAGE_MESSAGE_DETAILS_Python3:INTERNAL=[/usr/bin/python3][cfound components: Interpreter ][v3.12.3(3.10)]
//West
WEST:INTERNAL=/usr/bin/python3;-m;west
//Compiler reason failure
_Python3_Compiler_REASON_FAILURE:INTERNAL=
//Development reason failure
_Python3_Development_REASON_FAILURE:INTERNAL=
_Python3_EXECUTABLE:INTERNAL=/usr/bin/python3
//Python3 Properties
_Python3_INTERPRETER_PROPERTIES:INTERNAL=Python;3;12;3;64;;cpython-312-x86_64-linux-gnu.so;abi3;/usr/lib/python3.12;/usr/lib/python3.12;/usr/local/lib/python3.12/dist-packages;/usr/local/lib/python3.12/dist-packages
_Python3_INTERPRETER_SIGNATURE:INTERNAL=4c8bfa8951e99fa32e4000a94f8c04a2
//NumPy reason failure
_Python3_NumPy_REASON_FAILURE:INTERNAL=

